2025-09-17 18:23:03 [scrapy.addons] INFO: Enabled addons:
[]
2025-09-17 18:23:03 [asyncio] DEBUG: Using selector: KqueueSelector
2025-09-17 18:23:03 [scrapy.utils.log] DEBUG: Using reactor: twisted.internet.asyncioreactor.AsyncioSelectorReactor
2025-09-17 18:23:03 [scrapy.utils.log] DEBUG: Using asyncio event loop: asyncio.unix_events._UnixSelectorEventLoop
2025-09-17 18:23:03 [scrapy.extensions.telnet] INFO: Telnet Password: 4729c8475096ee3a
2025-09-17 18:23:03 [scrapy.middleware] INFO: Enabled extensions:
['scrapy.extensions.corestats.CoreStats',
 'scrapy.extensions.telnet.TelnetConsole',
 'scrapy.extensions.memusage.MemoryUsage',
 'scrapy.extensions.feedexport.FeedExporter',
 'scrapy.extensions.logstats.LogStats']
2025-09-17 18:23:03 [scrapy.crawler] INFO: Overridden settings:
{'BOT_NAME': 'xgd',
 'CONCURRENT_REQUESTS_PER_DOMAIN': 1,
 'DOWNLOAD_DELAY': 5,
 'FEED_EXPORT_ENCODING': 'utf-8-sig',
 'FEED_EXPORT_FIELDS': ['create_at',
                        'url',
                        'short_url',
                        'title',
                        'meta_description',
                        'lang',
                        'content_type',
                        'is_available'],
 'LOG_FILE': 'debug.log',
 'LOG_STDOUT': True,
 'NEWSPIDER_MODULE': 'xgd.spiders',
 'ROBOTSTXT_OBEY': True,
 'SPIDER_MODULES': ['xgd.spiders']}
2025-09-17 18:23:03 [scrapy.middleware] INFO: Enabled downloader middlewares:
['scrapy.downloadermiddlewares.offsite.OffsiteMiddleware',
 'scrapy.downloadermiddlewares.robotstxt.RobotsTxtMiddleware',
 'scrapy.downloadermiddlewares.httpauth.HttpAuthMiddleware',
 'scrapy.downloadermiddlewares.downloadtimeout.DownloadTimeoutMiddleware',
 'scrapy.downloadermiddlewares.defaultheaders.DefaultHeadersMiddleware',
 'scrapy.downloadermiddlewares.useragent.UserAgentMiddleware',
 'scrapy.downloadermiddlewares.retry.RetryMiddleware',
 'scrapy.downloadermiddlewares.redirect.MetaRefreshMiddleware',
 'scrapy.downloadermiddlewares.httpcompression.HttpCompressionMiddleware',
 'scrapy.downloadermiddlewares.redirect.RedirectMiddleware',
 'scrapy.downloadermiddlewares.cookies.CookiesMiddleware',
 'scrapy.downloadermiddlewares.httpproxy.HttpProxyMiddleware',
 'scrapy.downloadermiddlewares.stats.DownloaderStats']
2025-09-17 18:23:03 [scrapy.middleware] INFO: Enabled spider middlewares:
['scrapy.spidermiddlewares.start.StartSpiderMiddleware',
 'scrapy.spidermiddlewares.httperror.HttpErrorMiddleware',
 'scrapy.spidermiddlewares.referer.RefererMiddleware',
 'scrapy.spidermiddlewares.urllength.UrlLengthMiddleware',
 'scrapy.spidermiddlewares.depth.DepthMiddleware']
2025-09-17 18:23:03 [scrapy.middleware] INFO: Enabled item pipelines:
[]
2025-09-17 18:23:03 [scrapy.core.engine] INFO: Spider opened
2025-09-17 18:23:03 [py.warnings] WARNING: /Users/kyoheikanou/development/Python/xgd-analyzer/venv/lib/python3.13/site-packages/scrapy/core/spidermw.py:433: ScrapyDeprecationWarning: xgd.spiders.xgd_spider.XgdSpiderSpider defines the deprecated start_requests() method. start_requests() has been deprecated in favor of a new method, start(), to support asynchronous code execution. start_requests() will stop being called in a future version of Scrapy. If you use Scrapy 2.13 or higher only, replace start_requests() with start(); note that start() is a coroutine (async def). If you need to maintain compatibility with lower Scrapy versions, when overriding start_requests() in a spider class, override start() as well; you can use super() to reuse the inherited start() implementation without copy-pasting. See the release notes of Scrapy 2.13 for details: https://docs.scrapy.org/en/2.13/news.html
  warn(

2025-09-17 18:23:03 [scrapy.extensions.logstats] INFO: Crawled 0 pages (at 0 pages/min), scraped 0 items (at 0 items/min)
2025-09-17 18:23:03 [scrapy.extensions.telnet] INFO: Telnet console listening on 127.0.0.1:6023
2025-09-17 18:23:03 [scrapy.core.engine] DEBUG: Crawled (200) <GET https://x.gd/robots.txt> (referer: None)
2025-09-17 18:23:10 [scrapy.downloadermiddlewares.redirect] DEBUG: Redirecting (302) to <GET https://x.gd/view/notfound> from <GET https://x.gd/fB6Yj>
2025-09-17 18:23:15 [scrapy.downloadermiddlewares.redirect] DEBUG: Redirecting (302) to <GET https://x.gd/view/notfound> from <GET https://x.gd/r0oNm>
2025-09-17 18:23:15 [scrapy.dupefilters] DEBUG: Filtered duplicate request: <GET https://x.gd/view/notfound> - no more duplicates will be shown (see DUPEFILTER_DEBUG to show all duplicates)
2025-09-17 18:23:23 [scrapy.downloadermiddlewares.redirect] DEBUG: Redirecting (302) to <GET https://x.gd/view/notfound> from <GET https://x.gd/gdRkJ>
2025-09-17 18:23:27 [scrapy.downloadermiddlewares.redirect] DEBUG: Redirecting (302) to <GET https://x.gd/view/notfound> from <GET https://x.gd/bUF48>
2025-09-17 18:23:34 [scrapy.downloadermiddlewares.redirect] DEBUG: Redirecting (302) to <GET https://x.gd/view/notfound> from <GET https://x.gd/prbOd>
2025-09-17 18:23:41 [scrapy.core.engine] DEBUG: Crawled (200) <GET https://x.gd/view/notfound> (referer: None)
2025-09-17 18:23:41 [scrapy.core.scraper] DEBUG: Scraped from <200 https://x.gd/view/notfound>
{'content_type': 'text/html',
 'create_at': datetime.datetime(2025, 9, 17, 18, 23, 41, 878020),
 'is_available': False,
 'lang': None,
 'meta_description': 'X.gdは長いURLを短く変換する完全無料で登録不要の短縮URL発行サービスです。QRコード発行やアクセス解析にも対応しています。',
 'short_url': 'https://x.gd/fB6Yj',
 'title': 'URL短縮サービス X.gd',
 'url': 'https://x.gd/view/notfound'}
2025-09-17 18:23:41 [scrapy.core.engine] INFO: Closing spider (finished)
2025-09-17 18:23:41 [scrapy.extensions.feedexport] INFO: Stored csv feed (1 items) in: test_3.csv
2025-09-17 18:23:41 [scrapy.statscollectors] INFO: Dumping Scrapy stats:
{'downloader/request_bytes': 2225,
 'downloader/request_count': 7,
 'downloader/request_method_count/GET': 7,
 'downloader/response_bytes': 7193,
 'downloader/response_count': 7,
 'downloader/response_status_count/200': 2,
 'downloader/response_status_count/302': 5,
 'dupefilter/filtered': 4,
 'elapsed_time_seconds': 38.03321,
 'feedexport/success_count/FileFeedStorage': 1,
 'finish_reason': 'finished',
 'finish_time': datetime.datetime(2025, 9, 17, 9, 23, 41, 885441, tzinfo=datetime.timezone.utc),
 'httpcompression/response_bytes': 4848,
 'httpcompression/response_count': 2,
 'item_scraped_count': 1,
 'items_per_minute': 1.5789473684210527,
 'log_count/DEBUG': 12,
 'log_count/INFO': 11,
 'log_count/WARNING': 1,
 'memusage/max': 72302592,
 'memusage/startup': 72302592,
 'response_received_count': 2,
 'responses_per_minute': 3.1578947368421053,
 'robotstxt/request_count': 1,
 'robotstxt/response_count': 1,
 'robotstxt/response_status_count/200': 1,
 'scheduler/dequeued': 6,
 'scheduler/dequeued/memory': 6,
 'scheduler/enqueued': 6,
 'scheduler/enqueued/memory': 6,
 'start_time': datetime.datetime(2025, 9, 17, 9, 23, 3, 852231, tzinfo=datetime.timezone.utc)}
2025-09-17 18:23:41 [scrapy.core.engine] INFO: Spider closed (finished)
2025-09-17 18:27:10 [scrapy.addons] INFO: Enabled addons:
[]
2025-09-17 18:27:10 [asyncio] DEBUG: Using selector: KqueueSelector
2025-09-17 18:27:10 [scrapy.utils.log] DEBUG: Using reactor: twisted.internet.asyncioreactor.AsyncioSelectorReactor
2025-09-17 18:27:10 [scrapy.utils.log] DEBUG: Using asyncio event loop: asyncio.unix_events._UnixSelectorEventLoop
2025-09-17 18:27:10 [scrapy.extensions.telnet] INFO: Telnet Password: 043e7b8fc7190c3f
2025-09-17 18:27:10 [scrapy.middleware] INFO: Enabled extensions:
['scrapy.extensions.corestats.CoreStats',
 'scrapy.extensions.telnet.TelnetConsole',
 'scrapy.extensions.memusage.MemoryUsage',
 'scrapy.extensions.feedexport.FeedExporter',
 'scrapy.extensions.logstats.LogStats']
2025-09-17 18:27:10 [scrapy.crawler] INFO: Overridden settings:
{'BOT_NAME': 'xgd',
 'CONCURRENT_REQUESTS_PER_DOMAIN': 1,
 'DOWNLOAD_DELAY': 5,
 'DUPEFILTER_CLASS': 'scrapy.dupefilters.BaseDupeFilter',
 'FEED_EXPORT_ENCODING': 'utf-8-sig',
 'FEED_EXPORT_FIELDS': ['create_at',
                        'url',
                        'short_url',
                        'title',
                        'meta_description',
                        'lang',
                        'content_type',
                        'is_available'],
 'LOG_FILE': 'debug.log',
 'LOG_STDOUT': True,
 'NEWSPIDER_MODULE': 'xgd.spiders',
 'ROBOTSTXT_OBEY': True,
 'SPIDER_MODULES': ['xgd.spiders']}
2025-09-17 18:27:11 [scrapy.middleware] INFO: Enabled downloader middlewares:
['scrapy.downloadermiddlewares.offsite.OffsiteMiddleware',
 'scrapy.downloadermiddlewares.robotstxt.RobotsTxtMiddleware',
 'scrapy.downloadermiddlewares.httpauth.HttpAuthMiddleware',
 'scrapy.downloadermiddlewares.downloadtimeout.DownloadTimeoutMiddleware',
 'scrapy.downloadermiddlewares.defaultheaders.DefaultHeadersMiddleware',
 'scrapy.downloadermiddlewares.useragent.UserAgentMiddleware',
 'scrapy.downloadermiddlewares.retry.RetryMiddleware',
 'scrapy.downloadermiddlewares.redirect.MetaRefreshMiddleware',
 'scrapy.downloadermiddlewares.httpcompression.HttpCompressionMiddleware',
 'scrapy.downloadermiddlewares.redirect.RedirectMiddleware',
 'scrapy.downloadermiddlewares.cookies.CookiesMiddleware',
 'scrapy.downloadermiddlewares.httpproxy.HttpProxyMiddleware',
 'scrapy.downloadermiddlewares.stats.DownloaderStats']
2025-09-17 18:27:11 [scrapy.middleware] INFO: Enabled spider middlewares:
['scrapy.spidermiddlewares.start.StartSpiderMiddleware',
 'scrapy.spidermiddlewares.httperror.HttpErrorMiddleware',
 'scrapy.spidermiddlewares.referer.RefererMiddleware',
 'scrapy.spidermiddlewares.urllength.UrlLengthMiddleware',
 'scrapy.spidermiddlewares.depth.DepthMiddleware']
2025-09-17 18:27:11 [scrapy.middleware] INFO: Enabled item pipelines:
[]
2025-09-17 18:27:11 [scrapy.core.engine] INFO: Spider opened
2025-09-17 18:27:11 [py.warnings] WARNING: /Users/kyoheikanou/development/Python/xgd-analyzer/venv/lib/python3.13/site-packages/scrapy/core/spidermw.py:433: ScrapyDeprecationWarning: xgd.spiders.xgd_spider.XgdSpiderSpider defines the deprecated start_requests() method. start_requests() has been deprecated in favor of a new method, start(), to support asynchronous code execution. start_requests() will stop being called in a future version of Scrapy. If you use Scrapy 2.13 or higher only, replace start_requests() with start(); note that start() is a coroutine (async def). If you need to maintain compatibility with lower Scrapy versions, when overriding start_requests() in a spider class, override start() as well; you can use super() to reuse the inherited start() implementation without copy-pasting. See the release notes of Scrapy 2.13 for details: https://docs.scrapy.org/en/2.13/news.html
  warn(

2025-09-17 18:27:11 [scrapy.extensions.logstats] INFO: Crawled 0 pages (at 0 pages/min), scraped 0 items (at 0 items/min)
2025-09-17 18:27:11 [scrapy.extensions.telnet] INFO: Telnet console listening on 127.0.0.1:6023
2025-09-17 18:27:11 [scrapy.core.engine] DEBUG: Crawled (200) <GET https://x.gd/robots.txt> (referer: None)
2025-09-17 18:27:12 [scrapy.crawler] INFO: Received SIGINT, shutting down gracefully. Send again to force 
2025-09-17 18:27:12 [scrapy.core.engine] INFO: Closing spider (shutdown)
2025-09-17 18:27:12 [scrapy.crawler] INFO: Received SIGINT twice, forcing unclean shutdown
2025-09-17 18:27:15 [scrapy.addons] INFO: Enabled addons:
[]
2025-09-17 18:27:15 [asyncio] DEBUG: Using selector: KqueueSelector
2025-09-17 18:27:15 [scrapy.utils.log] DEBUG: Using reactor: twisted.internet.asyncioreactor.AsyncioSelectorReactor
2025-09-17 18:27:15 [scrapy.utils.log] DEBUG: Using asyncio event loop: asyncio.unix_events._UnixSelectorEventLoop
2025-09-17 18:27:15 [scrapy.extensions.telnet] INFO: Telnet Password: 6aea1da5019b0a8b
2025-09-17 18:27:15 [scrapy.middleware] INFO: Enabled extensions:
['scrapy.extensions.corestats.CoreStats',
 'scrapy.extensions.telnet.TelnetConsole',
 'scrapy.extensions.memusage.MemoryUsage',
 'scrapy.extensions.feedexport.FeedExporter',
 'scrapy.extensions.logstats.LogStats']
2025-09-17 18:27:15 [scrapy.crawler] INFO: Overridden settings:
{'BOT_NAME': 'xgd',
 'CONCURRENT_REQUESTS_PER_DOMAIN': 1,
 'DOWNLOAD_DELAY': 5,
 'DUPEFILTER_CLASS': 'scrapy.dupefilters.BaseDupeFilter',
 'FEED_EXPORT_ENCODING': 'utf-8-sig',
 'FEED_EXPORT_FIELDS': ['create_at',
                        'url',
                        'short_url',
                        'title',
                        'meta_description',
                        'lang',
                        'content_type',
                        'is_available'],
 'LOG_FILE': 'debug.log',
 'LOG_STDOUT': True,
 'NEWSPIDER_MODULE': 'xgd.spiders',
 'ROBOTSTXT_OBEY': True,
 'SPIDER_MODULES': ['xgd.spiders']}
2025-09-17 18:27:15 [scrapy.middleware] INFO: Enabled downloader middlewares:
['scrapy.downloadermiddlewares.offsite.OffsiteMiddleware',
 'scrapy.downloadermiddlewares.robotstxt.RobotsTxtMiddleware',
 'scrapy.downloadermiddlewares.httpauth.HttpAuthMiddleware',
 'scrapy.downloadermiddlewares.downloadtimeout.DownloadTimeoutMiddleware',
 'scrapy.downloadermiddlewares.defaultheaders.DefaultHeadersMiddleware',
 'scrapy.downloadermiddlewares.useragent.UserAgentMiddleware',
 'scrapy.downloadermiddlewares.retry.RetryMiddleware',
 'scrapy.downloadermiddlewares.redirect.MetaRefreshMiddleware',
 'scrapy.downloadermiddlewares.httpcompression.HttpCompressionMiddleware',
 'scrapy.downloadermiddlewares.redirect.RedirectMiddleware',
 'scrapy.downloadermiddlewares.cookies.CookiesMiddleware',
 'scrapy.downloadermiddlewares.httpproxy.HttpProxyMiddleware',
 'scrapy.downloadermiddlewares.stats.DownloaderStats']
2025-09-17 18:27:15 [scrapy.middleware] INFO: Enabled spider middlewares:
['scrapy.spidermiddlewares.start.StartSpiderMiddleware',
 'scrapy.spidermiddlewares.httperror.HttpErrorMiddleware',
 'scrapy.spidermiddlewares.referer.RefererMiddleware',
 'scrapy.spidermiddlewares.urllength.UrlLengthMiddleware',
 'scrapy.spidermiddlewares.depth.DepthMiddleware']
2025-09-17 18:27:15 [scrapy.middleware] INFO: Enabled item pipelines:
[]
2025-09-17 18:27:15 [scrapy.core.engine] INFO: Spider opened
2025-09-17 18:27:15 [py.warnings] WARNING: /Users/kyoheikanou/development/Python/xgd-analyzer/venv/lib/python3.13/site-packages/scrapy/core/spidermw.py:433: ScrapyDeprecationWarning: xgd.spiders.xgd_spider.XgdSpiderSpider defines the deprecated start_requests() method. start_requests() has been deprecated in favor of a new method, start(), to support asynchronous code execution. start_requests() will stop being called in a future version of Scrapy. If you use Scrapy 2.13 or higher only, replace start_requests() with start(); note that start() is a coroutine (async def). If you need to maintain compatibility with lower Scrapy versions, when overriding start_requests() in a spider class, override start() as well; you can use super() to reuse the inherited start() implementation without copy-pasting. See the release notes of Scrapy 2.13 for details: https://docs.scrapy.org/en/2.13/news.html
  warn(

2025-09-17 18:27:15 [scrapy.extensions.logstats] INFO: Crawled 0 pages (at 0 pages/min), scraped 0 items (at 0 items/min)
2025-09-17 18:27:15 [scrapy.extensions.telnet] INFO: Telnet console listening on 127.0.0.1:6023
2025-09-17 18:27:15 [scrapy.core.engine] DEBUG: Crawled (200) <GET https://x.gd/robots.txt> (referer: None)
2025-09-17 18:27:22 [scrapy.downloadermiddlewares.redirect] DEBUG: Redirecting (302) to <GET https://x.gd/view/notfound> from <GET https://x.gd/fqPWf>
2025-09-17 18:27:30 [scrapy.downloadermiddlewares.redirect] DEBUG: Redirecting (302) to <GET https://x.gd/view/notfound> from <GET https://x.gd/Ee4E8>
2025-09-17 18:27:37 [scrapy.downloadermiddlewares.redirect] DEBUG: Redirecting (302) to <GET https://x.gd/view/notfound> from <GET https://x.gd/31sv7>
2025-09-17 18:27:43 [scrapy.downloadermiddlewares.redirect] DEBUG: Redirecting (302) to <GET https://x.gd/view/notfound> from <GET https://x.gd/Tx8ww>
2025-09-17 18:27:50 [scrapy.downloadermiddlewares.redirect] DEBUG: Redirecting (302) to <GET https://x.gd/view/notfound> from <GET https://x.gd/7fUUC>
2025-09-17 18:27:56 [scrapy.core.engine] DEBUG: Crawled (200) <GET https://x.gd/view/notfound> (referer: None)
2025-09-17 18:27:56 [scrapy.core.scraper] DEBUG: Scraped from <200 https://x.gd/view/notfound>
{'content_type': 'text/html',
 'create_at': datetime.datetime(2025, 9, 17, 18, 27, 56, 685546),
 'is_available': False,
 'lang': None,
 'meta_description': 'X.gdは長いURLを短く変換する完全無料で登録不要の短縮URL発行サービスです。QRコード発行やアクセス解析にも対応しています。',
 'short_url': 'https://x.gd/fqPWf',
 'title': 'URL短縮サービス X.gd',
 'url': 'https://x.gd/view/notfound'}
2025-09-17 18:28:03 [scrapy.core.engine] DEBUG: Crawled (200) <GET https://x.gd/view/notfound> (referer: None)
2025-09-17 18:28:04 [scrapy.core.scraper] DEBUG: Scraped from <200 https://x.gd/view/notfound>
{'content_type': 'text/html',
 'create_at': datetime.datetime(2025, 9, 17, 18, 28, 4, 79536),
 'is_available': False,
 'lang': None,
 'meta_description': 'X.gdは長いURLを短く変換する完全無料で登録不要の短縮URL発行サービスです。QRコード発行やアクセス解析にも対応しています。',
 'short_url': 'https://x.gd/Ee4E8',
 'title': 'URL短縮サービス X.gd',
 'url': 'https://x.gd/view/notfound'}
2025-09-17 18:28:10 [scrapy.core.engine] DEBUG: Crawled (200) <GET https://x.gd/view/notfound> (referer: None)
2025-09-17 18:28:10 [scrapy.core.scraper] DEBUG: Scraped from <200 https://x.gd/view/notfound>
{'content_type': 'text/html',
 'create_at': datetime.datetime(2025, 9, 17, 18, 28, 10, 814943),
 'is_available': False,
 'lang': None,
 'meta_description': 'X.gdは長いURLを短く変換する完全無料で登録不要の短縮URL発行サービスです。QRコード発行やアクセス解析にも対応しています。',
 'short_url': 'https://x.gd/31sv7',
 'title': 'URL短縮サービス X.gd',
 'url': 'https://x.gd/view/notfound'}
2025-09-17 18:28:15 [scrapy.core.engine] DEBUG: Crawled (200) <GET https://x.gd/view/notfound> (referer: None)
2025-09-17 18:28:15 [scrapy.core.scraper] DEBUG: Scraped from <200 https://x.gd/view/notfound>
{'content_type': 'text/html',
 'create_at': datetime.datetime(2025, 9, 17, 18, 28, 15, 474092),
 'is_available': False,
 'lang': None,
 'meta_description': 'X.gdは長いURLを短く変換する完全無料で登録不要の短縮URL発行サービスです。QRコード発行やアクセス解析にも対応しています。',
 'short_url': 'https://x.gd/Tx8ww',
 'title': 'URL短縮サービス X.gd',
 'url': 'https://x.gd/view/notfound'}
2025-09-17 18:28:15 [scrapy.extensions.logstats] INFO: Crawled 5 pages (at 5 pages/min), scraped 4 items (at 4 items/min)
2025-09-17 18:28:21 [scrapy.core.engine] DEBUG: Crawled (200) <GET https://x.gd/view/notfound> (referer: None)
2025-09-17 18:28:21 [scrapy.core.scraper] DEBUG: Scraped from <200 https://x.gd/view/notfound>
{'content_type': 'text/html',
 'create_at': datetime.datetime(2025, 9, 17, 18, 28, 21, 919647),
 'is_available': False,
 'lang': None,
 'meta_description': 'X.gdは長いURLを短く変換する完全無料で登録不要の短縮URL発行サービスです。QRコード発行やアクセス解析にも対応しています。',
 'short_url': 'https://x.gd/7fUUC',
 'title': 'URL短縮サービス X.gd',
 'url': 'https://x.gd/view/notfound'}
2025-09-17 18:28:21 [scrapy.core.engine] INFO: Closing spider (finished)
2025-09-17 18:28:21 [scrapy.extensions.feedexport] INFO: Stored csv feed (5 items) in: test_4.csv
2025-09-17 18:28:21 [scrapy.statscollectors] INFO: Dumping Scrapy stats:
{'downloader/request_bytes': 3521,
 'downloader/request_count': 11,
 'downloader/request_method_count/GET': 11,
 'downloader/response_bytes': 16841,
 'downloader/response_count': 11,
 'downloader/response_status_count/200': 6,
 'downloader/response_status_count/302': 5,
 'elapsed_time_seconds': 66.127907,
 'feedexport/success_count/FileFeedStorage': 1,
 'finish_reason': 'finished',
 'finish_time': datetime.datetime(2025, 9, 17, 9, 28, 21, 924878, tzinfo=datetime.timezone.utc),
 'httpcompression/response_bytes': 23804,
 'httpcompression/response_count': 6,
 'item_scraped_count': 5,
 'items_per_minute': 4.545454545454545,
 'log_count/DEBUG': 19,
 'log_count/INFO': 12,
 'log_count/WARNING': 1,
 'memusage/max': 76529664,
 'memusage/startup': 72155136,
 'response_received_count': 6,
 'responses_per_minute': 5.454545454545454,
 'robotstxt/request_count': 1,
 'robotstxt/response_count': 1,
 'robotstxt/response_status_count/200': 1,
 'scheduler/dequeued': 10,
 'scheduler/dequeued/memory': 10,
 'scheduler/enqueued': 10,
 'scheduler/enqueued/memory': 10,
 'start_time': datetime.datetime(2025, 9, 17, 9, 27, 15, 796971, tzinfo=datetime.timezone.utc)}
2025-09-17 18:28:21 [scrapy.core.engine] INFO: Spider closed (finished)
